<?xml version="1.0" encoding="UTF-8"?>
<!-- Generated by org.testng.reporters.JUnitReportReporter -->
<testsuite hostname="NSL-NSG4020.local" failures="0" tests="1" name="utilities.ReadPropertyFile" time="0.007" errors="0" timestamp="2024-08-30T17:14:18 IST" skipped="0">
  <testcase classname="utilities.ReadPropertyFile" name="readFile" time="0.007"/>
</testsuite> <!-- utilities.ReadPropertyFile -->
