<?xml version="1.0" encoding="UTF-8"?>
<!-- Generated by org.testng.reporters.JUnitReportReporter -->
<testsuite hostname="NSL-NSG4020.local" failures="0" tests="1" name="testcases.Setup" time="25.127" errors="0" timestamp="2024-08-30T15:14:05 IST" skipped="0">
  <testcase classname="testcases.Setup" name="chromeDriver" time="25.127"/>
</testsuite> <!-- testcases.Setup -->
