<?xml version="1.0" encoding="UTF-8"?>
<!-- Generated by org.testng.reporters.JUnitReportReporter -->
<testsuite hostname="NSL-NSG4020.local" failures="0" tests="1" name="testcases.LoginPage" time="3.246" errors="0" timestamp="2024-08-30T17:18:10 IST" skipped="0">
  <testcase classname="testcases.LoginPage" name="login" time="3.246"/>
</testsuite> <!-- testcases.LoginPage -->
