<?xml version="1.0" encoding="UTF-8"?>
<!-- Generated by org.testng.reporters.JUnitReportReporter -->
<testsuite hostname="NSL-NSG4020.local" failures="0" tests="1" name="testcases.LandingPageSmoke" time="2.200" errors="0" timestamp="2024-09-02T13:57:19 IST" skipped="0">
  <testcase classname="testcases.LandingPageSmoke" name="landingPageSmoke" time="2.200"/>
</testsuite> <!-- testcases.LandingPageSmoke -->
